<?xml version="1.0" encoding="UTF-8"?>
<testsuites>
  <testsuite name="Project Test Suite" tests="45" assertions="315" errors="0" failures="0" skipped="0" time="1.344012">
    <testsuite name="App\Tests\MessageHandler\CalculateFileHashesMessageHandlerTest" file="/var/www/app/tests/MessageHandler/CalculateFileHashesMessageHandlerTest.php" tests="1" assertions="3" errors="0" failures="0" skipped="0" time="0.402886">
      <testcase name="willDispatchAllMessages" class="App\Tests\MessageHandler\CalculateFileHashesMessageHandlerTest" classname="App.Tests.MessageHandler.CalculateFileHashesMessageHandlerTest" file="/var/www/app/tests/MessageHandler/CalculateFileHashesMessageHandlerTest.php" line="72" assertions="3" time="0.402886"/>
    </testsuite>
    <testsuite name="App\Tests\MessageHandler\CheckVideoMessageHandlerTest" file="/var/www/app/tests/MessageHandler/CheckVideoMessageHandlerTest.php" tests="4" assertions="16" errors="0" failures="0" skipped="0" time="0.199293">
      <testcase name="willCheckNewVideoFile" class="App\Tests\MessageHandler\CheckVideoMessageHandlerTest" classname="App.Tests.MessageHandler.CheckVideoMessageHandlerTest" file="/var/www/app/tests/MessageHandler/CheckVideoMessageHandlerTest.php" line="98" assertions="4" time="0.167844"/>
      <testcase name="willNotDispatchMessagesIfVideoNotConsistent" class="App\Tests\MessageHandler\CheckVideoMessageHandlerTest" classname="App.Tests.MessageHandler.CheckVideoMessageHandlerTest" file="/var/www/app/tests/MessageHandler/CheckVideoMessageHandlerTest.php" line="146" assertions="4" time="0.013283"/>
      <testcase name="willNotRecheckFileButDispatchMessagesIfAlreadyCheckedAndConsistent" class="App\Tests\MessageHandler\CheckVideoMessageHandlerTest" classname="App.Tests.MessageHandler.CheckVideoMessageHandlerTest" file="/var/www/app/tests/MessageHandler/CheckVideoMessageHandlerTest.php" line="182" assertions="4" time="0.009634"/>
      <testcase name="willNotRecheckFileAndDispatchMessagesIfAlreadyCheckedAndNotConsistent" class="App\Tests\MessageHandler\CheckVideoMessageHandlerTest" classname="App.Tests.MessageHandler.CheckVideoMessageHandlerTest" file="/var/www/app/tests/MessageHandler/CheckVideoMessageHandlerTest.php" line="214" assertions="4" time="0.008532"/>
    </testsuite>
    <testsuite name="App\Tests\MessageHandler\ProcessFileMessageHandlerTest" file="/var/www/app/tests/MessageHandler/ProcessFileMessageHandlerTest.php" tests="1" assertions="3" errors="0" failures="0" skipped="0" time="0.022583">
      <testcase name="willDispatchAllMessages" class="App\Tests\MessageHandler\ProcessFileMessageHandlerTest" classname="App.Tests.MessageHandler.ProcessFileMessageHandlerTest" file="/var/www/app/tests/MessageHandler/ProcessFileMessageHandlerTest.php" line="77" assertions="3" time="0.022583"/>
    </testsuite>
    <testsuite name="App\Tests\Service\FileScanServiceTest" file="/var/www/app/tests/Service/FileScanServiceTest.php" tests="2" assertions="7" errors="0" failures="0" skipped="0" time="0.161965">
      <testcase name="willFindFile" class="App\Tests\Service\FileScanServiceTest" classname="App.Tests.Service.FileScanServiceTest" file="/var/www/app/tests/Service/FileScanServiceTest.php" line="71" assertions="4" time="0.132102"/>
      <testcase name="willLogErrorIfExceptionIsThrownByJavProcessorService" class="App\Tests\Service\FileScanServiceTest" classname="App.Tests.Service.FileScanServiceTest" file="/var/www/app/tests/Service/FileScanServiceTest.php" line="114" assertions="3" time="0.029863"/>
    </testsuite>
    <testsuite name="App\Tests\Service\FilenameParser\Level1ParserTest" file="/var/www/app/tests/Service/FilenameParser/Level1ParserTest.php" tests="4" assertions="39" errors="0" failures="0" skipped="0" time="0.041047">
      <testcase name="baseTest" class="App\Tests\Service\FilenameParser\Level1ParserTest" classname="App.Tests.Service.FilenameParser.Level1ParserTest" file="/var/www/app/tests/Service/FilenameParser/Level1ParserTest.php" line="44" assertions="2" time="0.012356"/>
      <testcase name="matchTest" class="App\Tests\Service\FilenameParser\Level1ParserTest" classname="App.Tests.Service.FilenameParser.Level1ParserTest" file="/var/www/app/tests/Service/FilenameParser/Level1ParserTest.php" line="56" assertions="18" time="0.008779"/>
      <testcase name="willThrowExceptionIfNoPatternIsSet" class="App\Tests\Service\FilenameParser\Level1ParserTest" classname="App.Tests.Service.FilenameParser.Level1ParserTest" file="/var/www/app/tests/Service/FilenameParser/Level1ParserTest.php" line="73" assertions="1" time="0.011644"/>
      <testcase name="willFilterBlacklistedWords" class="App\Tests\Service\FilenameParser\Level1ParserTest" classname="App.Tests.Service.FilenameParser.Level1ParserTest" file="/var/www/app/tests/Service/FilenameParser/Level1ParserTest.php" line="83" assertions="18" time="0.008268"/>
    </testsuite>
    <testsuite name="App\Tests\Service\FilenameParser\Level2ParserTest" file="/var/www/app/tests/Service/FilenameParser/Level2ParserTest.php" tests="4" assertions="39" errors="0" failures="0" skipped="0" time="0.026376">
      <testcase name="baseTest" class="App\Tests\Service\FilenameParser\Level2ParserTest" classname="App.Tests.Service.FilenameParser.Level2ParserTest" file="/var/www/app/tests/Service/FilenameParser/Level2ParserTest.php" line="44" assertions="2" time="0.005070"/>
      <testcase name="matchTest" class="App\Tests\Service\FilenameParser\Level2ParserTest" classname="App.Tests.Service.FilenameParser.Level2ParserTest" file="/var/www/app/tests/Service/FilenameParser/Level2ParserTest.php" line="56" assertions="18" time="0.007881"/>
      <testcase name="willThrowExceptionIfNoPatternIsSet" class="App\Tests\Service\FilenameParser\Level2ParserTest" classname="App.Tests.Service.FilenameParser.Level2ParserTest" file="/var/www/app/tests/Service/FilenameParser/Level2ParserTest.php" line="73" assertions="1" time="0.001572"/>
      <testcase name="willFilterBlacklistedWords" class="App\Tests\Service\FilenameParser\Level2ParserTest" classname="App.Tests.Service.FilenameParser.Level2ParserTest" file="/var/www/app/tests/Service/FilenameParser/Level2ParserTest.php" line="83" assertions="18" time="0.011853"/>
    </testsuite>
    <testsuite name="App\Tests\Service\FilenameParser\Level3ParserTest" file="/var/www/app/tests/Service/FilenameParser/Level3ParserTest.php" tests="4" assertions="47" errors="0" failures="0" skipped="0" time="0.029135">
      <testcase name="baseTest" class="App\Tests\Service\FilenameParser\Level3ParserTest" classname="App.Tests.Service.FilenameParser.Level3ParserTest" file="/var/www/app/tests/Service/FilenameParser/Level3ParserTest.php" line="44" assertions="2" time="0.004905"/>
      <testcase name="matchTest" class="App\Tests\Service\FilenameParser\Level3ParserTest" classname="App.Tests.Service.FilenameParser.Level3ParserTest" file="/var/www/app/tests/Service/FilenameParser/Level3ParserTest.php" line="56" assertions="22" time="0.013641"/>
      <testcase name="willThrowExceptionIfNoPatternIsSet" class="App\Tests\Service\FilenameParser\Level3ParserTest" classname="App.Tests.Service.FilenameParser.Level3ParserTest" file="/var/www/app/tests/Service/FilenameParser/Level3ParserTest.php" line="73" assertions="1" time="0.001548"/>
      <testcase name="willFilterBlacklistedWords" class="App\Tests\Service\FilenameParser\Level3ParserTest" classname="App.Tests.Service.FilenameParser.Level3ParserTest" file="/var/www/app/tests/Service/FilenameParser/Level3ParserTest.php" line="83" assertions="22" time="0.009041"/>
    </testsuite>
    <testsuite name="App\Tests\Service\FilenameParser\Level5ParserTest" file="/var/www/app/tests/Service/FilenameParser/Level5ParserTest.php" tests="4" assertions="47" errors="0" failures="0" skipped="0" time="0.029780">
      <testcase name="baseTest" class="App\Tests\Service\FilenameParser\Level5ParserTest" classname="App.Tests.Service.FilenameParser.Level5ParserTest" file="/var/www/app/tests/Service/FilenameParser/Level5ParserTest.php" line="44" assertions="2" time="0.008348"/>
      <testcase name="matchTest" class="App\Tests\Service\FilenameParser\Level5ParserTest" classname="App.Tests.Service.FilenameParser.Level5ParserTest" file="/var/www/app/tests/Service/FilenameParser/Level5ParserTest.php" line="56" assertions="22" time="0.011084"/>
      <testcase name="willThrowExceptionIfNoPatternIsSet" class="App\Tests\Service\FilenameParser\Level5ParserTest" classname="App.Tests.Service.FilenameParser.Level5ParserTest" file="/var/www/app/tests/Service/FilenameParser/Level5ParserTest.php" line="73" assertions="1" time="0.001450"/>
      <testcase name="willFilterBlacklistedWords" class="App\Tests\Service\FilenameParser\Level5ParserTest" classname="App.Tests.Service.FilenameParser.Level5ParserTest" file="/var/www/app/tests/Service/FilenameParser/Level5ParserTest.php" line="83" assertions="22" time="0.008898"/>
    </testsuite>
    <testsuite name="App\Tests\Service\FilenameParser\Level6ParserTest" file="/var/www/app/tests/Service/FilenameParser/Level6ParserTest.php" tests="4" assertions="49" errors="0" failures="0" skipped="0" time="0.025729">
      <testcase name="baseTest" class="App\Tests\Service\FilenameParser\Level6ParserTest" classname="App.Tests.Service.FilenameParser.Level6ParserTest" file="/var/www/app/tests/Service/FilenameParser/Level6ParserTest.php" line="44" assertions="2" time="0.005215"/>
      <testcase name="matchTest" class="App\Tests\Service\FilenameParser\Level6ParserTest" classname="App.Tests.Service.FilenameParser.Level6ParserTest" file="/var/www/app/tests/Service/FilenameParser/Level6ParserTest.php" line="56" assertions="23" time="0.009728"/>
      <testcase name="willThrowExceptionIfNoPatternIsSet" class="App\Tests\Service\FilenameParser\Level6ParserTest" classname="App.Tests.Service.FilenameParser.Level6ParserTest" file="/var/www/app/tests/Service/FilenameParser/Level6ParserTest.php" line="73" assertions="1" time="0.001513"/>
      <testcase name="willFilterBlacklistedWords" class="App\Tests\Service\FilenameParser\Level6ParserTest" classname="App.Tests.Service.FilenameParser.Level6ParserTest" file="/var/www/app/tests/Service/FilenameParser/Level6ParserTest.php" line="83" assertions="23" time="0.009273"/>
    </testsuite>
    <testsuite name="App\Tests\Service\JAVNameMatcherServiceTest" file="/var/www/app/tests/Service/JAVNameMatcherServiceTest.php" tests="2" assertions="12" errors="0" failures="0" skipped="0" time="0.130851">
      <testcase name="willMatchNameForNewEntry" class="App\Tests\Service\JAVNameMatcherServiceTest" classname="App.Tests.Service.JAVNameMatcherServiceTest" file="/var/www/app/tests/Service/JAVNameMatcherServiceTest.php" line="72" assertions="9" time="0.088890"/>
      <testcase name="willThrowExceptionIfNoIDCanBeExtracted" class="App\Tests\Service\JAVNameMatcherServiceTest" classname="App.Tests.Service.JAVNameMatcherServiceTest" file="/var/www/app/tests/Service/JAVNameMatcherServiceTest.php" line="123" assertions="3" time="0.041961"/>
    </testsuite>
    <testsuite name="App\Tests\Service\JAVProcessorServiceTest" file="/var/www/app/tests/Service/JAVProcessorServiceTest.php" tests="13" assertions="50" errors="0" failures="0" skipped="0" time="0.221869">
      <testcase name="willDispatchMessageForProcessingFile" class="App\Tests\Service\JAVProcessorServiceTest" classname="App.Tests.Service.JAVProcessorServiceTest" file="/var/www/app/tests/Service/JAVProcessorServiceTest.php" line="125" assertions="4" time="0.034407"/>
      <testcase name="willDispatchMessageForMetadata" class="App\Tests\Service\JAVProcessorServiceTest" classname="App.Tests.Service.JAVProcessorServiceTest" file="/var/www/app/tests/Service/JAVProcessorServiceTest.php" line="156" assertions="4" time="0.015679"/>
      <testcase name="willDispatchMessageToCheckVideoConsistency" class="App\Tests\Service\JAVProcessorServiceTest" classname="App.Tests.Service.JAVProcessorServiceTest" file="/var/www/app/tests/Service/JAVProcessorServiceTest.php" line="188" assertions="3" time="0.012553"/>
      <testcase name="willPersistEntityBeforeDispatchingMessageToCheckVideoConsistency" class="App\Tests\Service\JAVProcessorServiceTest" classname="App.Tests.Service.JAVProcessorServiceTest" file="/var/www/app/tests/Service/JAVProcessorServiceTest.php" line="216" assertions="4" time="0.017377"/>
      <testcase name="willNotProcessInvalidJAVJackFile" class="App\Tests\Service\JAVProcessorServiceTest" classname="App.Tests.Service.JAVProcessorServiceTest" file="/var/www/app/tests/Service/JAVProcessorServiceTest.php" line="250" assertions="4" time="0.019236"/>
      <testcase name="willNotProcessBlacklistedFilenames" class="App\Tests\Service\JAVProcessorServiceTest" classname="App.Tests.Service.JAVProcessorServiceTest" file="/var/www/app/tests/Service/JAVProcessorServiceTest.php" line="272" assertions="3" time="0.011213"/>
      <testcase name="extractsIDFromFilename" class="App\Tests\Service\JAVProcessorServiceTest" classname="App.Tests.Service.JAVProcessorServiceTest" file="/var/www/app/tests/Service/JAVProcessorServiceTest.php" line="286" assertions="6" time="0.023915"/>
      <testcase name="testFilenameContainsID" class="App\Tests\Service\JAVProcessorServiceTest" classname="App.Tests.Service.JAVProcessorServiceTest" file="/var/www/app/tests/Service/JAVProcessorServiceTest.php" line="324" assertions="5" time="0.015325"/>
      <testcase name="testGetMetadata" class="App\Tests\Service\JAVProcessorServiceTest" classname="App.Tests.Service.JAVProcessorServiceTest" file="/var/www/app/tests/Service/JAVProcessorServiceTest.php" line="351" assertions="3" time="0.012057"/>
      <testcase name="testCheckVideoConsistencyPersisted" class="App\Tests\Service\JAVProcessorServiceTest" classname="App.Tests.Service.JAVProcessorServiceTest" file="/var/www/app/tests/Service/JAVProcessorServiceTest.php" line="369" assertions="4" time="0.017273"/>
      <testcase name="testCheckVideoConsistencyNotPersisted" class="App\Tests\Service\JAVProcessorServiceTest" classname="App.Tests.Service.JAVProcessorServiceTest" file="/var/www/app/tests/Service/JAVProcessorServiceTest.php" line="378" assertions="3" time="0.012301"/>
      <testcase name="testCheckJAVFilesConsistency" class="App\Tests\Service\JAVProcessorServiceTest" classname="App.Tests.Service.JAVProcessorServiceTest" file="/var/www/app/tests/Service/JAVProcessorServiceTest.php" line="387" assertions="4" time="0.013848"/>
      <testcase name="testCheckMultiFileJAVFilesConsistency" class="App\Tests\Service\JAVProcessorServiceTest" classname="App.Tests.Service.JAVProcessorServiceTest" file="/var/www/app/tests/Service/JAVProcessorServiceTest.php" line="397" assertions="3" time="0.016685"/>
    </testsuite>
    <testsuite name="App\Tests\Service\JAVRenamerServiceTest" file="/var/www/app/tests/Service/JAVRenamerServiceTest.php" tests="2" assertions="3" errors="0" failures="0" skipped="0" time="0.052498">
      <testcase name="testHappyPath" class="App\Tests\Service\JAVRenamerServiceTest" classname="App.Tests.Service.JAVRenamerServiceTest" file="/var/www/app/tests/Service/JAVRenamerServiceTest.php" line="52" assertions="2" time="0.034119"/>
      <testcase name="willThrowExceptionIfSourceFileIsNotFound" class="App\Tests\Service\JAVRenamerServiceTest" classname="App.Tests.Service.JAVRenamerServiceTest" file="/var/www/app/tests/Service/JAVRenamerServiceTest.php" line="87" assertions="1" time="0.018379"/>
    </testsuite>
  </testsuite>
</testsuites>
