<?xml version="1.0" encoding="UTF-8"?>
<testsuites>
  <testsuite name="Project Test Suite" tests="45" assertions="315" errors="0" failures="0" skipped="0" time="1.395648">
    <testsuite name="App\Tests\MessageHandler\CalculateFileHashesMessageHandlerTest" file="/var/www/app/tests/MessageHandler/CalculateFileHashesMessageHandlerTest.php" tests="1" assertions="3" errors="0" failures="0" skipped="0" time="0.407600">
      <testcase name="willDispatchAllMessages" class="App\Tests\MessageHandler\CalculateFileHashesMessageHandlerTest" classname="App.Tests.MessageHandler.CalculateFileHashesMessageHandlerTest" file="/var/www/app/tests/MessageHandler/CalculateFileHashesMessageHandlerTest.php" line="72" assertions="3" time="0.407600"/>
    </testsuite>
    <testsuite name="App\Tests\MessageHandler\CheckVideoMessageHandlerTest" file="/var/www/app/tests/MessageHandler/CheckVideoMessageHandlerTest.php" tests="4" assertions="16" errors="0" failures="0" skipped="0" time="0.172137">
      <testcase name="willCheckNewVideoFile" class="App\Tests\MessageHandler\CheckVideoMessageHandlerTest" classname="App.Tests.MessageHandler.CheckVideoMessageHandlerTest" file="/var/www/app/tests/MessageHandler/CheckVideoMessageHandlerTest.php" line="98" assertions="4" time="0.123209"/>
      <testcase name="willNotDispatchMessagesIfVideoNotConsistent" class="App\Tests\MessageHandler\CheckVideoMessageHandlerTest" classname="App.Tests.MessageHandler.CheckVideoMessageHandlerTest" file="/var/www/app/tests/MessageHandler/CheckVideoMessageHandlerTest.php" line="146" assertions="4" time="0.030188"/>
      <testcase name="willNotRecheckFileButDispatchMessagesIfAlreadyCheckedAndConsistent" class="App\Tests\MessageHandler\CheckVideoMessageHandlerTest" classname="App.Tests.MessageHandler.CheckVideoMessageHandlerTest" file="/var/www/app/tests/MessageHandler/CheckVideoMessageHandlerTest.php" line="182" assertions="4" time="0.010045"/>
      <testcase name="willNotRecheckFileAndDispatchMessagesIfAlreadyCheckedAndNotConsistent" class="App\Tests\MessageHandler\CheckVideoMessageHandlerTest" classname="App.Tests.MessageHandler.CheckVideoMessageHandlerTest" file="/var/www/app/tests/MessageHandler/CheckVideoMessageHandlerTest.php" line="214" assertions="4" time="0.008695"/>
    </testsuite>
    <testsuite name="App\Tests\MessageHandler\ProcessFileMessageHandlerTest" file="/var/www/app/tests/MessageHandler/ProcessFileMessageHandlerTest.php" tests="1" assertions="3" errors="0" failures="0" skipped="0" time="0.015869">
      <testcase name="willDispatchAllMessages" class="App\Tests\MessageHandler\ProcessFileMessageHandlerTest" classname="App.Tests.MessageHandler.ProcessFileMessageHandlerTest" file="/var/www/app/tests/MessageHandler/ProcessFileMessageHandlerTest.php" line="77" assertions="3" time="0.015869"/>
    </testsuite>
    <testsuite name="App\Tests\Service\FileScanServiceTest" file="/var/www/app/tests/Service/FileScanServiceTest.php" tests="2" assertions="7" errors="0" failures="0" skipped="0" time="0.170986">
      <testcase name="willFindFile" class="App\Tests\Service\FileScanServiceTest" classname="App.Tests.Service.FileScanServiceTest" file="/var/www/app/tests/Service/FileScanServiceTest.php" line="71" assertions="4" time="0.140401"/>
      <testcase name="willLogErrorIfExceptionIsThrownByJavProcessorService" class="App\Tests\Service\FileScanServiceTest" classname="App.Tests.Service.FileScanServiceTest" file="/var/www/app/tests/Service/FileScanServiceTest.php" line="114" assertions="3" time="0.030585"/>
    </testsuite>
    <testsuite name="App\Tests\Service\FilenameParser\Level1ParserTest" file="/var/www/app/tests/Service/FilenameParser/Level1ParserTest.php" tests="4" assertions="39" errors="0" failures="0" skipped="0" time="0.050209">
      <testcase name="baseTest" class="App\Tests\Service\FilenameParser\Level1ParserTest" classname="App.Tests.Service.FilenameParser.Level1ParserTest" file="/var/www/app/tests/Service/FilenameParser/Level1ParserTest.php" line="44" assertions="2" time="0.021307"/>
      <testcase name="matchTest" class="App\Tests\Service\FilenameParser\Level1ParserTest" classname="App.Tests.Service.FilenameParser.Level1ParserTest" file="/var/www/app/tests/Service/FilenameParser/Level1ParserTest.php" line="56" assertions="18" time="0.007973"/>
      <testcase name="willThrowExceptionIfNoPatternIsSet" class="App\Tests\Service\FilenameParser\Level1ParserTest" classname="App.Tests.Service.FilenameParser.Level1ParserTest" file="/var/www/app/tests/Service/FilenameParser/Level1ParserTest.php" line="73" assertions="1" time="0.012274"/>
      <testcase name="willFilterBlacklistedWords" class="App\Tests\Service\FilenameParser\Level1ParserTest" classname="App.Tests.Service.FilenameParser.Level1ParserTest" file="/var/www/app/tests/Service/FilenameParser/Level1ParserTest.php" line="83" assertions="18" time="0.008655"/>
    </testsuite>
    <testsuite name="App\Tests\Service\FilenameParser\Level2ParserTest" file="/var/www/app/tests/Service/FilenameParser/Level2ParserTest.php" tests="4" assertions="39" errors="0" failures="0" skipped="0" time="0.022694">
      <testcase name="baseTest" class="App\Tests\Service\FilenameParser\Level2ParserTest" classname="App.Tests.Service.FilenameParser.Level2ParserTest" file="/var/www/app/tests/Service/FilenameParser/Level2ParserTest.php" line="44" assertions="2" time="0.005001"/>
      <testcase name="matchTest" class="App\Tests\Service\FilenameParser\Level2ParserTest" classname="App.Tests.Service.FilenameParser.Level2ParserTest" file="/var/www/app/tests/Service/FilenameParser/Level2ParserTest.php" line="56" assertions="18" time="0.008046"/>
      <testcase name="willThrowExceptionIfNoPatternIsSet" class="App\Tests\Service\FilenameParser\Level2ParserTest" classname="App.Tests.Service.FilenameParser.Level2ParserTest" file="/var/www/app/tests/Service/FilenameParser/Level2ParserTest.php" line="73" assertions="1" time="0.001498"/>
      <testcase name="willFilterBlacklistedWords" class="App\Tests\Service\FilenameParser\Level2ParserTest" classname="App.Tests.Service.FilenameParser.Level2ParserTest" file="/var/www/app/tests/Service/FilenameParser/Level2ParserTest.php" line="83" assertions="18" time="0.008149"/>
    </testsuite>
    <testsuite name="App\Tests\Service\FilenameParser\Level3ParserTest" file="/var/www/app/tests/Service/FilenameParser/Level3ParserTest.php" tests="4" assertions="47" errors="0" failures="0" skipped="0" time="0.028993">
      <testcase name="baseTest" class="App\Tests\Service\FilenameParser\Level3ParserTest" classname="App.Tests.Service.FilenameParser.Level3ParserTest" file="/var/www/app/tests/Service/FilenameParser/Level3ParserTest.php" line="44" assertions="2" time="0.006217"/>
      <testcase name="matchTest" class="App\Tests\Service\FilenameParser\Level3ParserTest" classname="App.Tests.Service.FilenameParser.Level3ParserTest" file="/var/www/app/tests/Service/FilenameParser/Level3ParserTest.php" line="56" assertions="22" time="0.010730"/>
      <testcase name="willThrowExceptionIfNoPatternIsSet" class="App\Tests\Service\FilenameParser\Level3ParserTest" classname="App.Tests.Service.FilenameParser.Level3ParserTest" file="/var/www/app/tests/Service/FilenameParser/Level3ParserTest.php" line="73" assertions="1" time="0.001682"/>
      <testcase name="willFilterBlacklistedWords" class="App\Tests\Service\FilenameParser\Level3ParserTest" classname="App.Tests.Service.FilenameParser.Level3ParserTest" file="/var/www/app/tests/Service/FilenameParser/Level3ParserTest.php" line="83" assertions="22" time="0.010364"/>
    </testsuite>
    <testsuite name="App\Tests\Service\FilenameParser\Level5ParserTest" file="/var/www/app/tests/Service/FilenameParser/Level5ParserTest.php" tests="4" assertions="47" errors="0" failures="0" skipped="0" time="0.028761">
      <testcase name="baseTest" class="App\Tests\Service\FilenameParser\Level5ParserTest" classname="App.Tests.Service.FilenameParser.Level5ParserTest" file="/var/www/app/tests/Service/FilenameParser/Level5ParserTest.php" line="44" assertions="2" time="0.005999"/>
      <testcase name="matchTest" class="App\Tests\Service\FilenameParser\Level5ParserTest" classname="App.Tests.Service.FilenameParser.Level5ParserTest" file="/var/www/app/tests/Service/FilenameParser/Level5ParserTest.php" line="56" assertions="22" time="0.011110"/>
      <testcase name="willThrowExceptionIfNoPatternIsSet" class="App\Tests\Service\FilenameParser\Level5ParserTest" classname="App.Tests.Service.FilenameParser.Level5ParserTest" file="/var/www/app/tests/Service/FilenameParser/Level5ParserTest.php" line="73" assertions="1" time="0.001665"/>
      <testcase name="willFilterBlacklistedWords" class="App\Tests\Service\FilenameParser\Level5ParserTest" classname="App.Tests.Service.FilenameParser.Level5ParserTest" file="/var/www/app/tests/Service/FilenameParser/Level5ParserTest.php" line="83" assertions="22" time="0.009987"/>
    </testsuite>
    <testsuite name="App\Tests\Service\FilenameParser\Level6ParserTest" file="/var/www/app/tests/Service/FilenameParser/Level6ParserTest.php" tests="4" assertions="49" errors="0" failures="0" skipped="0" time="0.026578">
      <testcase name="baseTest" class="App\Tests\Service\FilenameParser\Level6ParserTest" classname="App.Tests.Service.FilenameParser.Level6ParserTest" file="/var/www/app/tests/Service/FilenameParser/Level6ParserTest.php" line="44" assertions="2" time="0.005852"/>
      <testcase name="matchTest" class="App\Tests\Service\FilenameParser\Level6ParserTest" classname="App.Tests.Service.FilenameParser.Level6ParserTest" file="/var/www/app/tests/Service/FilenameParser/Level6ParserTest.php" line="56" assertions="23" time="0.009679"/>
      <testcase name="willThrowExceptionIfNoPatternIsSet" class="App\Tests\Service\FilenameParser\Level6ParserTest" classname="App.Tests.Service.FilenameParser.Level6ParserTest" file="/var/www/app/tests/Service/FilenameParser/Level6ParserTest.php" line="73" assertions="1" time="0.001483"/>
      <testcase name="willFilterBlacklistedWords" class="App\Tests\Service\FilenameParser\Level6ParserTest" classname="App.Tests.Service.FilenameParser.Level6ParserTest" file="/var/www/app/tests/Service/FilenameParser/Level6ParserTest.php" line="83" assertions="23" time="0.009564"/>
    </testsuite>
    <testsuite name="App\Tests\Service\JAVNameMatcherServiceTest" file="/var/www/app/tests/Service/JAVNameMatcherServiceTest.php" tests="2" assertions="12" errors="0" failures="0" skipped="0" time="0.159657">
      <testcase name="willMatchNameForNewEntry" class="App\Tests\Service\JAVNameMatcherServiceTest" classname="App.Tests.Service.JAVNameMatcherServiceTest" file="/var/www/app/tests/Service/JAVNameMatcherServiceTest.php" line="72" assertions="9" time="0.099244"/>
      <testcase name="willThrowExceptionIfNoIDCanBeExtracted" class="App\Tests\Service\JAVNameMatcherServiceTest" classname="App.Tests.Service.JAVNameMatcherServiceTest" file="/var/www/app/tests/Service/JAVNameMatcherServiceTest.php" line="123" assertions="3" time="0.060413"/>
    </testsuite>
    <testsuite name="App\Tests\Service\JAVProcessorServiceTest" file="/var/www/app/tests/Service/JAVProcessorServiceTest.php" tests="13" assertions="50" errors="0" failures="0" skipped="0" time="0.255381">
      <testcase name="willDispatchMessageForProcessingFile" class="App\Tests\Service\JAVProcessorServiceTest" classname="App.Tests.Service.JAVProcessorServiceTest" file="/var/www/app/tests/Service/JAVProcessorServiceTest.php" line="125" assertions="4" time="0.032259"/>
      <testcase name="willDispatchMessageForMetadata" class="App\Tests\Service\JAVProcessorServiceTest" classname="App.Tests.Service.JAVProcessorServiceTest" file="/var/www/app/tests/Service/JAVProcessorServiceTest.php" line="156" assertions="4" time="0.025414"/>
      <testcase name="willDispatchMessageToCheckVideoConsistency" class="App\Tests\Service\JAVProcessorServiceTest" classname="App.Tests.Service.JAVProcessorServiceTest" file="/var/www/app/tests/Service/JAVProcessorServiceTest.php" line="188" assertions="3" time="0.014796"/>
      <testcase name="willPersistEntityBeforeDispatchingMessageToCheckVideoConsistency" class="App\Tests\Service\JAVProcessorServiceTest" classname="App.Tests.Service.JAVProcessorServiceTest" file="/var/www/app/tests/Service/JAVProcessorServiceTest.php" line="216" assertions="4" time="0.018784"/>
      <testcase name="willNotProcessInvalidJAVJackFile" class="App\Tests\Service\JAVProcessorServiceTest" classname="App.Tests.Service.JAVProcessorServiceTest" file="/var/www/app/tests/Service/JAVProcessorServiceTest.php" line="250" assertions="4" time="0.022769"/>
      <testcase name="willNotProcessBlacklistedFilenames" class="App\Tests\Service\JAVProcessorServiceTest" classname="App.Tests.Service.JAVProcessorServiceTest" file="/var/www/app/tests/Service/JAVProcessorServiceTest.php" line="272" assertions="3" time="0.010216"/>
      <testcase name="extractsIDFromFilename" class="App\Tests\Service\JAVProcessorServiceTest" classname="App.Tests.Service.JAVProcessorServiceTest" file="/var/www/app/tests/Service/JAVProcessorServiceTest.php" line="286" assertions="6" time="0.024985"/>
      <testcase name="testFilenameContainsID" class="App\Tests\Service\JAVProcessorServiceTest" classname="App.Tests.Service.JAVProcessorServiceTest" file="/var/www/app/tests/Service/JAVProcessorServiceTest.php" line="324" assertions="5" time="0.033075"/>
      <testcase name="testGetMetadata" class="App\Tests\Service\JAVProcessorServiceTest" classname="App.Tests.Service.JAVProcessorServiceTest" file="/var/www/app/tests/Service/JAVProcessorServiceTest.php" line="351" assertions="3" time="0.010492"/>
      <testcase name="testCheckVideoConsistencyPersisted" class="App\Tests\Service\JAVProcessorServiceTest" classname="App.Tests.Service.JAVProcessorServiceTest" file="/var/www/app/tests/Service/JAVProcessorServiceTest.php" line="369" assertions="4" time="0.018801"/>
      <testcase name="testCheckVideoConsistencyNotPersisted" class="App\Tests\Service\JAVProcessorServiceTest" classname="App.Tests.Service.JAVProcessorServiceTest" file="/var/www/app/tests/Service/JAVProcessorServiceTest.php" line="378" assertions="3" time="0.012685"/>
      <testcase name="testCheckJAVFilesConsistency" class="App\Tests\Service\JAVProcessorServiceTest" classname="App.Tests.Service.JAVProcessorServiceTest" file="/var/www/app/tests/Service/JAVProcessorServiceTest.php" line="387" assertions="4" time="0.014287"/>
      <testcase name="testCheckMultiFileJAVFilesConsistency" class="App\Tests\Service\JAVProcessorServiceTest" classname="App.Tests.Service.JAVProcessorServiceTest" file="/var/www/app/tests/Service/JAVProcessorServiceTest.php" line="397" assertions="3" time="0.016818"/>
    </testsuite>
    <testsuite name="App\Tests\Service\JAVRenamerServiceTest" file="/var/www/app/tests/Service/JAVRenamerServiceTest.php" tests="2" assertions="3" errors="0" failures="0" skipped="0" time="0.056782">
      <testcase name="testHappyPath" class="App\Tests\Service\JAVRenamerServiceTest" classname="App.Tests.Service.JAVRenamerServiceTest" file="/var/www/app/tests/Service/JAVRenamerServiceTest.php" line="52" assertions="2" time="0.040516"/>
      <testcase name="willThrowExceptionIfSourceFileIsNotFound" class="App\Tests\Service\JAVRenamerServiceTest" classname="App.Tests.Service.JAVRenamerServiceTest" file="/var/www/app/tests/Service/JAVRenamerServiceTest.php" line="87" assertions="1" time="0.016266"/>
    </testsuite>
  </testsuite>
</testsuites>
